<?xml version="1.0" encoding="UTF-8"?>
<!-- Generated by org.testng.reporters.JUnitReportReporter -->
<testsuite hostname="LPF511RX4" failures="0" tests="5" name="testCases.TC_003LoginDDT" time="28.476" errors="0" timestamp="2025-05-15T10:13:35 IST" skipped="0">
  <testcase classname="testCases.TC_003LoginDDT" name="verify_login" time="11.216"/>
  <testcase classname="testCases.TC_003LoginDDT" name="verify_login" time="1.772"/>
  <testcase classname="testCases.TC_003LoginDDT" name="verify_login" time="2.133"/>
  <testcase classname="testCases.TC_003LoginDDT" name="verify_login" time="11.306"/>
  <testcase classname="testCases.TC_003LoginDDT" name="verify_login" time="2.049"/>
</testsuite> <!-- testCases.TC_003LoginDDT -->
